(c) Copyright IBM Corporation 1993,2007
Command Line Processor for DB2 Client 11.5.4.0

You can issue database manager commands and SQL statements from the command 
prompt. For example:
    db2 => connect to sample
    db2 => bind sample.bnd

For general help, type: ?.
For command help, type: ? command, where command can be
the first few keywords of a database manager command. For example:
 ? CATALOG DATABASE for help on the CATALOG DATABASE command
 ? CATALOG          for help on all of the CATALOG commands.

To exit db2 interactive mode, type QUIT at the command prompt. Outside 
interactive mode, all commands must be prefixed with 'db2'.
To list the current command option settings, type LIST COMMAND OPTIONS.

For more detailed help, refer to the Online Reference Manual.

db2 => db2 => db2 => db2 => db2 => CONNECT TO cs421

   Database Connection Information

 Database server        = DB2/LINUXX8664 11.5.4.0
 SQL authorization ID   = RGRAHA12
 Local database alias   = CS421


db2 => db2 => db2 => db2 => db2 => db2 => db2 => db2 => db2 => db2 (cont.) => db2 (cont.) => db2 (cont.) => db2 (cont.) => db2 (cont.) => CREATE TABLE Category ( cname VARCHAR(30) NOT NULL ,prioritynum INTEGER NOT NULL , PRIMARY KEY (cname) )
DB20000I  The SQL command completed successfully.

db2 => db2 => db2 (cont.) => db2 (cont.) => db2 (cont.) => db2 (cont.) => db2 (cont.) => db2 (cont.) => db2 (cont.) => db2 (cont.) => db2 (cont.) => db2 (cont.) => db2 (cont.) => db2 (cont.) => db2 (cont.) => db2 (cont.) => CREATE TABLE Person ( hinsurnum INTEGER NOT NULL, name VARCHAR(30) NOT NULL, gender CHAR(1) NOT NULL, dob DATE NOT NULL, phone CHAR(13)NOT NULL , city VARCHAR(30) NOT NULL, postalcd VARCHAR(7) NOT NULL, streetaddr VARCHAR(50) NOT NULL, regdate DATE NOT NULL, cname VARCHAR(30) NOT NULL, PRIMARY KEY (hinsurnum), FOREIGN KEY (cname) references Category(cname) )
DB20000I  The SQL command completed successfully.

db2 => db2 => db2 (cont.) => db2 (cont.) => db2 (cont.) => db2 (cont.) => db2 (cont.) => db2 (cont.) => CREATE TABLE Vaccine ( vname VARCHAR(30) NOT NULL, doses INTEGER NOT NULL, waitperiodDays INTEGER, PRIMARY KEY (vname) )
DB20000I  The SQL command completed successfully.

db2 => db2 => db2 (cont.) => db2 (cont.) => db2 (cont.) => db2 (cont.) => db2 (cont.) => db2 (cont.) => db2 (cont.) => CREATE TABLE VaccLocation ( locname VARCHAR(30) NOT NULL, lcity VARCHAR(30) NOT NULL, lpostalcd CHAR(7) NOT NULL, lstreetaddr VARCHAR(30) NOT NULL, PRIMARY KEY (locname) )
DB20000I  The SQL command completed successfully.

db2 => db2 => db2 (cont.) => db2 (cont.) => db2 (cont.) => db2 (cont.) => db2 (cont.) => db2 (cont.) => db2 (cont.) => db2 (cont.) => db2 (cont.) => db2 (cont.) => db2 (cont.) => db2 (cont.) => CREATE TABLE VaccineBatch ( vname VARCHAR(30) NOT NULL, batchno INTEGER NOT NULL, mfgdate DATE NOT NULL, exprydate DATE NOT NULL, numdoses INTEGER NOT NULL, locname VARCHAR(30), PRIMARY KEY(vname,batchno), FOREIGN KEY (locname) references VaccLocation(locname), FOREIGN KEY (vname) references Vaccine(vname), CHECK ( exprydate > mfgdate ) )
DB20000I  The SQL command completed successfully.

db2 => db2 => db2 (cont.) => db2 (cont.) => db2 (cont.) => db2 (cont.) => db2 (cont.) => db2 (cont.) => db2 (cont.) => CREATE TABLE Vial ( vname VARCHAR(30) NOT NULL, batchno INTEGER NOT NULL, vialid INTEGER NOT NULL, PRIMARY KEY(vname,batchno,vialid), FOREIGN KEY (vname, batchno) references VaccineBatch(vname, batchno) )
DB20000I  The SQL command completed successfully.

db2 => db2 => db2 (cont.) => db2 (cont.) => db2 (cont.) => db2 (cont.) => db2 (cont.) => CREATE TABLE Hospital ( locname VARCHAR(30) NOT NULL, PRIMARY KEY(locname), FOREIGN KEY(locname) references VaccLocation(locname) )
DB20000I  The SQL command completed successfully.

db2 => db2 => db2 (cont.) => db2 (cont.) => db2 (cont.) => db2 (cont.) => db2 (cont.) => db2 (cont.) => db2 (cont.) => CREATE TABLE Nurse ( licensenum INTEGER NOT NULL, name VARCHAR(30) NOT NULL , locname VARCHAR(30) NOT NULL, PRIMARY KEY(licensenum), FOREIGN KEY (locname) references Hospital(locname) )
DB20000I  The SQL command completed successfully.

db2 => db2 => db2 (cont.) => db2 (cont.) => db2 (cont.) => db2 (cont.) => db2 (cont.) => db2 (cont.) => CREATE TABLE VaccDates ( locname VARCHAR(30) NOT NULL, vdate DATE NOT NULL, PRIMARY KEY(locname, vdate), FOREIGN KEY(locname) references VaccLocation(locname) )
DB20000I  The SQL command completed successfully.

db2 => db2 => db2 (cont.) => db2 (cont.) => db2 (cont.) => db2 (cont.) => db2 (cont.) => db2 (cont.) => db2 (cont.) => db2 (cont.) => db2 (cont.) => db2 (cont.) => db2 (cont.) => db2 (cont.) => db2 (cont.) => db2 (cont.) => db2 (cont.) => db2 (cont.) => db2 (cont.) => CREATE TABLE VaccSlot ( locname VARCHAR(30) NOT NULL, vdate DATE NOT NULL, vtime TIME NOT NULL, vslot INTEGER NOT NULL, hinsurnum INTEGER, asgndate DATE, licensenum INTEGER, vname VARCHAR(30), batchno INTEGER, vialid INTEGER, PRIMARY KEY(locname, vdate, vtime, vslot), FOREIGN KEY (locname, vdate) references VaccDates(locname, vdate), FOREIGN KEY (licensenum) references Nurse(licensenum), FOREIGN KEY(hinsurnum) references Person(hinsurnum), FOREIGN KEY(vname, batchno, vialid) references Vial(vname, batchno, vialid) )
DB20000I  The SQL command completed successfully.

db2 => db2 => db2 (cont.) => db2 (cont.) => db2 (cont.) => db2 (cont.) => db2 (cont.) => db2 (cont.) => db2 (cont.) => db2 (cont.) => CREATE TABLE NurseAssignments ( licensenum INTEGER NOT NULL, locname VARCHAR(30) NOT NULL , vdate DATE NOT NULL, PRIMARY KEY(licensenum, locname, vdate), FOREIGN KEY (licensenum) references Nurse(licensenum), FOREIGN KEY (locname, vdate) references VaccDates(locname, vdate) )
DB20000I  The SQL command completed successfully.

db2 => db2 => db2 => 